<?xml version="1.0" encoding="UTF-8"?>
<testng-results ignored="0" total="1" passed="1" failed="0" skipped="0">
  <reporter-output>
  </reporter-output>
  <suite started-at="2025-09-08T17:12:28 IST" name="Suite" finished-at="2025-09-08T17:12:47 IST" duration-ms="19343">
    <groups>
    </groups>
    <test started-at="2025-09-08T17:12:28 IST" name="Test" finished-at="2025-09-08T17:12:47 IST" duration-ms="19343">
      <class name="com.capstone.test.EndToEndTestCase1">
        <test-method is-config="true" signature="setupreport()[pri:0, instance:com.capstone.test.EndToEndTestCase1@e4487af]" started-at="2025-09-08T17:12:27 IST" name="setupreport" finished-at="2025-09-08T17:12:28 IST" duration-ms="503" status="PASS">
          <reporter-output>
          </reporter-output>
        </test-method> <!-- setupreport -->
        <test-method is-config="true" signature="setup()[pri:0, instance:com.capstone.test.EndToEndTestCase1@e4487af]" started-at="2025-09-08T17:12:29 IST" name="setup" finished-at="2025-09-08T17:12:34 IST" duration-ms="5350" status="PASS">
          <reporter-output>
          </reporter-output>
        </test-method> <!-- setup -->
        <test-method is-config="true" signature="beforeMethod()[pri:0, instance:com.capstone.test.EndToEndTestCase1@e4487af]" started-at="2025-09-08T17:12:34 IST" name="beforeMethod" finished-at="2025-09-08T17:12:36 IST" duration-ms="1428" status="PASS">
          <reporter-output>
          </reporter-output>
        </test-method> <!-- beforeMethod -->
        <test-method signature="testRegisterAndLogout(java.lang.String,java.lang.String,java.lang.String,java.lang.String,java.lang.String)[pri:0, instance:com.capstone.test.EndToEndTestCase1@e4487af]" started-at="2025-09-08T17:12:36 IST" name="testRegisterAndLogout" data-provider="registerdata" finished-at="2025-09-08T17:12:46 IST" duration-ms="10718" status="PASS">
          <params>
            <param index="0">
              <value>
                <![CDATA[Lakshmi Deepak]]>
              </value>
            </param>
            <param index="1">
              <value>
                <![CDATA[N]]>
              </value>
            </param>
            <param index="2">
              <value>
                <![CDATA[Lakshmideepak1807@gmail.com]]>
              </value>
            </param>
            <param index="3">
              <value>
                <![CDATA[Dp@123]]>
              </value>
            </param>
            <param index="4">
              <value>
                <![CDATA[Dp@123]]>
              </value>
            </param>
          </params>
          <reporter-output>
          </reporter-output>
        </test-method> <!-- testRegisterAndLogout -->
        <test-method is-config="true" signature="afterMethod()[pri:0, instance:com.capstone.test.EndToEndTestCase1@e4487af]" started-at="2025-09-08T17:12:46 IST" name="afterMethod" finished-at="2025-09-08T17:12:47 IST" duration-ms="268" status="PASS">
          <reporter-output>
          </reporter-output>
        </test-method> <!-- afterMethod -->
        <test-method is-config="true" signature="teardown()[pri:0, instance:com.capstone.test.EndToEndTestCase1@e4487af]" started-at="2025-09-08T17:12:47 IST" name="teardown" finished-at="2025-09-08T17:12:47 IST" duration-ms="290" status="PASS">
          <reporter-output>
          </reporter-output>
        </test-method> <!-- teardown -->
        <test-method is-config="true" signature="flushreport()[pri:0, instance:com.capstone.test.EndToEndTestCase1@e4487af]" started-at="2025-09-08T17:12:47 IST" name="flushreport" finished-at="2025-09-08T17:12:47 IST" duration-ms="546" status="PASS">
          <reporter-output>
          </reporter-output>
        </test-method> <!-- flushreport -->
      </class> <!-- com.capstone.test.EndToEndTestCase1 -->
    </test> <!-- Test -->
  </suite> <!-- Suite -->
</testng-results>
